<?xml version="1.0" encoding="UTF-8"?>
<!-- Generated by org.testng.reporters.JUnitReportReporter -->
<testsuite hostname="Niranjan-PC" failures="0" tests="1" name="maintestfiles.GeneralStoreTestCases" time="72.885" errors="0" timestamp="2024-05-08T14:33:30 IST" skipped="0">
  <testcase classname="maintestfiles.GeneralStoreTestCases" name="happyPathTestCase" time="72.885">
    <system-out>
      <![CDATA[Created objects of all the Page classes.
Country selected.
Entered the name.
Selected Gender as female.
Tapped on Lets shop button.
User is on Products screen.
Desired products have been selected.
Tapped on cart icon at the top right corner
User is on cart screen.
Cart consists of correct products that were previously selected.
Sum of product prices is equal to the total price displayed.
Selected the send me email check box
Tapped on visit the website button.
Entered 'General Store' in search field on the website.
Tapped on Back button to navigate back to Home screen.
User is on Homescreen.]]>
    </system-out>
  </testcase> <!-- happyPathTestCase -->
  <system-out>
    <![CDATA[Created objects of all the Page classes.
Country selected.
Entered the name.
Selected Gender as female.
Tapped on Lets shop button.
User is on Products screen.
Desired products have been selected.
Tapped on cart icon at the top right corner
User is on cart screen.
Cart consists of correct products that were previously selected.
Sum of product prices is equal to the total price displayed.
Selected the send me email check box
Tapped on visit the website button.
Entered 'General Store' in search field on the website.
Tapped on Back button to navigate back to Home screen.
User is on Homescreen.]]>
  </system-out>
</testsuite> <!-- maintestfiles.GeneralStoreTestCases -->
