<?xml version="1.0" encoding="UTF-8"?>
<!-- Generated by org.testng.reporters.JUnitReportReporter -->
<testsuite hostname="Niranjan-PC" failures="0" tests="1" name="niranjangadiyar.Appium.GeneralApp" time="4.440" errors="0" timestamp="2024-05-07T21:23:55 IST" skipped="0">
  <testcase classname="niranjangadiyar.Appium.GeneralApp" name="AppiumTest" time="4.440"/>
</testsuite> <!-- niranjangadiyar.Appium.GeneralApp -->
